Analysis & Synthesis report for IntegratorNeuron
Sat Mar 25 20:00:43 2023
Quartus Prime Version 22.1std.1 Build 917 02/14/2023 SC Lite Edition


---------------------
; Table of Contents ;
---------------------
  1. Legal Notice
  2. Analysis & Synthesis Summary
  3. Analysis & Synthesis Settings
  4. Parallel Compilation
  5. Analysis & Synthesis Source Files Read
  6. Analysis & Synthesis Resource Usage Summary
  7. Analysis & Synthesis Resource Utilization by Entity
  8. General Register Statistics
  9. Parameter Settings for User Entity Instance: DREG:x0_reg
 10. Parameter Settings for User Entity Instance: DREG:x1_reg
 11. Parameter Settings for User Entity Instance: DREG:x2_reg
 12. Parameter Settings for User Entity Instance: DREG:x3_reg
 13. Port Connectivity Checks: "CPA:cpa|FA:CPA_FULL_ADDERS[3].fa"
 14. Port Connectivity Checks: "CPA:cpa|FA:CPA_FULL_ADDERS[2].fa"
 15. Port Connectivity Checks: "CPA:cpa|FA:CPA_FULL_ADDERS[1].fa"
 16. Port Connectivity Checks: "CPA:cpa|FA:CPA_FULL_ADDERS[0].fa"
 17. Port Connectivity Checks: "CPA:cpa"
 18. Port Connectivity Checks: "CSA:csa_sum1_c1_d"
 19. Post-Synthesis Netlist Statistics for Top Partition
 20. Elapsed Time Per Partition
 21. Analysis & Synthesis Messages
 22. Analysis & Synthesis Suppressed Messages



----------------
; Legal Notice ;
----------------
Copyright (C) 2023  Intel Corporation. All rights reserved.
Your use of Intel Corporation's design tools, logic functions 
and other software and tools, and any partner logic 
functions, and any output files from any of the foregoing 
(including device programming or simulation files), and any 
associated documentation or information are expressly subject 
to the terms and conditions of the Intel Program License 
Subscription Agreement, the Intel Quartus Prime License Agreement,
the Intel FPGA IP License Agreement, or other applicable license
agreement, including, without limitation, that your use is for
the sole purpose of programming logic devices manufactured by
Intel and sold by Intel or its authorized distributors.  Please
refer to the applicable agreement for further details, at
https://fpgasoftware.intel.com/eula.



+----------------------------------------------------------------------------------+
; Analysis & Synthesis Summary                                                     ;
+---------------------------------+------------------------------------------------+
; Analysis & Synthesis Status     ; Successful - Sat Mar 25 20:00:43 2023          ;
; Quartus Prime Version           ; 22.1std.1 Build 917 02/14/2023 SC Lite Edition ;
; Revision Name                   ; IntegratorNeuron                               ;
; Top-level Entity Name           ; IntegratorNeuron                               ;
; Family                          ; Cyclone V                                      ;
; Logic utilization (in ALMs)     ; N/A                                            ;
; Total registers                 ; 17                                             ;
; Total pins                      ; 22                                             ;
; Total virtual pins              ; 0                                              ;
; Total block memory bits         ; 0                                              ;
; Total DSP Blocks                ; 0                                              ;
; Total HSSI RX PCSs              ; 0                                              ;
; Total HSSI PMA RX Deserializers ; 0                                              ;
; Total HSSI TX PCSs              ; 0                                              ;
; Total HSSI PMA TX Serializers   ; 0                                              ;
; Total PLLs                      ; 0                                              ;
; Total DLLs                      ; 0                                              ;
+---------------------------------+------------------------------------------------+


+---------------------------------------------------------------------------------------------------------------------------+
; Analysis & Synthesis Settings                                                                                             ;
+---------------------------------------------------------------------------------+--------------------+--------------------+
; Option                                                                          ; Setting            ; Default Value      ;
+---------------------------------------------------------------------------------+--------------------+--------------------+
; Device                                                                          ; 5CEBA4F23C7        ;                    ;
; Top-level entity name                                                           ; IntegratorNeuron   ; IntegratorNeuron   ;
; Family name                                                                     ; Cyclone V          ; Cyclone V          ;
; Use smart compilation                                                           ; Off                ; Off                ;
; Enable parallel Assembler and Timing Analyzer during compilation                ; On                 ; On                 ;
; Enable compact report table                                                     ; Off                ; Off                ;
; Restructure Multiplexers                                                        ; Auto               ; Auto               ;
; MLAB Add Timing Constraints For Mixed-Port Feed-Through Mode Setting Don't Care ; Off                ; Off                ;
; Create Debugging Nodes for IP Cores                                             ; Off                ; Off                ;
; Preserve fewer node names                                                       ; On                 ; On                 ;
; Intel FPGA IP Evaluation Mode                                                   ; Enable             ; Enable             ;
; Verilog Version                                                                 ; Verilog_2001       ; Verilog_2001       ;
; VHDL Version                                                                    ; VHDL_1993          ; VHDL_1993          ;
; State Machine Processing                                                        ; Auto               ; Auto               ;
; Safe State Machine                                                              ; Off                ; Off                ;
; Extract Verilog State Machines                                                  ; On                 ; On                 ;
; Extract VHDL State Machines                                                     ; On                 ; On                 ;
; Ignore Verilog initial constructs                                               ; Off                ; Off                ;
; Iteration limit for constant Verilog loops                                      ; 5000               ; 5000               ;
; Iteration limit for non-constant Verilog loops                                  ; 250                ; 250                ;
; Add Pass-Through Logic to Inferred RAMs                                         ; On                 ; On                 ;
; Infer RAMs from Raw Logic                                                       ; On                 ; On                 ;
; Parallel Synthesis                                                              ; On                 ; On                 ;
; DSP Block Balancing                                                             ; Auto               ; Auto               ;
; NOT Gate Push-Back                                                              ; On                 ; On                 ;
; Power-Up Don't Care                                                             ; On                 ; On                 ;
; Remove Redundant Logic Cells                                                    ; Off                ; Off                ;
; Remove Duplicate Registers                                                      ; On                 ; On                 ;
; Ignore CARRY Buffers                                                            ; Off                ; Off                ;
; Ignore CASCADE Buffers                                                          ; Off                ; Off                ;
; Ignore GLOBAL Buffers                                                           ; Off                ; Off                ;
; Ignore ROW GLOBAL Buffers                                                       ; Off                ; Off                ;
; Ignore LCELL Buffers                                                            ; Off                ; Off                ;
; Ignore SOFT Buffers                                                             ; On                 ; On                 ;
; Limit AHDL Integers to 32 Bits                                                  ; Off                ; Off                ;
; Optimization Technique                                                          ; Balanced           ; Balanced           ;
; Carry Chain Length                                                              ; 70                 ; 70                 ;
; Auto Carry Chains                                                               ; On                 ; On                 ;
; Auto Open-Drain Pins                                                            ; On                 ; On                 ;
; Perform WYSIWYG Primitive Resynthesis                                           ; Off                ; Off                ;
; Auto ROM Replacement                                                            ; On                 ; On                 ;
; Auto RAM Replacement                                                            ; On                 ; On                 ;
; Auto DSP Block Replacement                                                      ; On                 ; On                 ;
; Auto Shift Register Replacement                                                 ; Auto               ; Auto               ;
; Allow Shift Register Merging across Hierarchies                                 ; Auto               ; Auto               ;
; Auto Clock Enable Replacement                                                   ; On                 ; On                 ;
; Strict RAM Replacement                                                          ; Off                ; Off                ;
; Allow Synchronous Control Signals                                               ; On                 ; On                 ;
; Force Use of Synchronous Clear Signals                                          ; Off                ; Off                ;
; Auto Resource Sharing                                                           ; Off                ; Off                ;
; Allow Any RAM Size For Recognition                                              ; Off                ; Off                ;
; Allow Any ROM Size For Recognition                                              ; Off                ; Off                ;
; Allow Any Shift Register Size For Recognition                                   ; Off                ; Off                ;
; Use LogicLock Constraints during Resource Balancing                             ; On                 ; On                 ;
; Ignore translate_off and synthesis_off directives                               ; Off                ; Off                ;
; Timing-Driven Synthesis                                                         ; On                 ; On                 ;
; Report Parameter Settings                                                       ; On                 ; On                 ;
; Report Source Assignments                                                       ; On                 ; On                 ;
; Report Connectivity Checks                                                      ; On                 ; On                 ;
; Ignore Maximum Fan-Out Assignments                                              ; Off                ; Off                ;
; Synchronization Register Chain Length                                           ; 3                  ; 3                  ;
; Power Optimization During Synthesis                                             ; Normal compilation ; Normal compilation ;
; HDL message level                                                               ; Level2             ; Level2             ;
; Suppress Register Optimization Related Messages                                 ; Off                ; Off                ;
; Number of Removed Registers Reported in Synthesis Report                        ; 5000               ; 5000               ;
; Number of Swept Nodes Reported in Synthesis Report                              ; 5000               ; 5000               ;
; Number of Inverted Registers Reported in Synthesis Report                       ; 100                ; 100                ;
; Clock MUX Protection                                                            ; On                 ; On                 ;
; Auto Gated Clock Conversion                                                     ; Off                ; Off                ;
; Block Design Naming                                                             ; Auto               ; Auto               ;
; SDC constraint protection                                                       ; Off                ; Off                ;
; Synthesis Effort                                                                ; Auto               ; Auto               ;
; Shift Register Replacement - Allow Asynchronous Clear Signal                    ; On                 ; On                 ;
; Pre-Mapping Resynthesis Optimization                                            ; Off                ; Off                ;
; Analysis & Synthesis Message Level                                              ; Medium             ; Medium             ;
; Disable Register Merging Across Hierarchies                                     ; Auto               ; Auto               ;
; Resource Aware Inference For Block RAM                                          ; On                 ; On                 ;
; Automatic Parallel Synthesis                                                    ; On                 ; On                 ;
; Partial Reconfiguration Bitstream ID                                            ; Off                ; Off                ;
+---------------------------------------------------------------------------------+--------------------+--------------------+


+------------------------------------------+
; Parallel Compilation                     ;
+----------------------------+-------------+
; Processors                 ; Number      ;
+----------------------------+-------------+
; Number detected on machine ; 4           ;
; Maximum allowed            ; 4           ;
;                            ;             ;
; Average used               ; 1.00        ;
; Maximum used               ; 4           ;
;                            ;             ;
; Usage by Processor         ; % Time Used ;
;     Processor 1            ; 100.0%      ;
;     Processors 2-4         ;   0.0%      ;
+----------------------------+-------------+


+-------------------------------------------------------------------------------------------------------------------------------------------------------+
; Analysis & Synthesis Source Files Read                                                                                                                ;
+----------------------------------+-----------------+------------------------------+---------------------------------------------------------+---------+
; File Name with User-Entered Path ; Used in Netlist ; File Type                    ; File Name with Absolute Path                            ; Library ;
+----------------------------------+-----------------+------------------------------+---------------------------------------------------------+---------+
; IntegratorNeuron.sv              ; yes             ; User SystemVerilog HDL File  ; /home/colin/Projects/EEE425/Quartus/IntegratorNeuron.sv ;         ;
+----------------------------------+-----------------+------------------------------+---------------------------------------------------------+---------+


+---------------------------------------------------------+
; Analysis & Synthesis Resource Usage Summary             ;
+---------------------------------------------+-----------+
; Resource                                    ; Usage     ;
+---------------------------------------------+-----------+
; Estimate of Logic utilization (ALMs needed) ; 17        ;
;                                             ;           ;
; Combinational ALUT usage for logic          ; 29        ;
;     -- 7 input functions                    ; 0         ;
;     -- 6 input functions                    ; 4         ;
;     -- 5 input functions                    ; 3         ;
;     -- 4 input functions                    ; 1         ;
;     -- <=3 input functions                  ; 21        ;
;                                             ;           ;
; Dedicated logic registers                   ; 17        ;
;                                             ;           ;
; I/O pins                                    ; 22        ;
;                                             ;           ;
; Total DSP Blocks                            ; 0         ;
;                                             ;           ;
; Maximum fan-out node                        ; clk~input ;
; Maximum fan-out                             ; 17        ;
; Total fan-out                               ; 147       ;
; Average fan-out                             ; 1.63      ;
+---------------------------------------------+-----------+


+--------------------------------------------------------------------------------------------------------------------------------------------------------------------------------------------------------------------------------------------+
; Analysis & Synthesis Resource Utilization by Entity                                                                                                                                                                                        ;
+----------------------------------+---------------------+---------------------------+-------------------+------------+------+--------------+--------------------------------------------------------------+------------------+--------------+
; Compilation Hierarchy Node       ; Combinational ALUTs ; Dedicated Logic Registers ; Block Memory Bits ; DSP Blocks ; Pins ; Virtual Pins ; Full Hierarchy Name                                          ; Entity Name      ; Library Name ;
+----------------------------------+---------------------+---------------------------+-------------------+------------+------+--------------+--------------------------------------------------------------+------------------+--------------+
; |IntegratorNeuron                ; 29 (5)              ; 17 (1)                    ; 0                 ; 0          ; 22   ; 0            ; |IntegratorNeuron                                            ; IntegratorNeuron ; work         ;
;    |CPA:cpa|                     ; 1 (1)               ; 0 (0)                     ; 0                 ; 0          ; 0    ; 0            ; |IntegratorNeuron|CPA:cpa                                    ; CPA              ; work         ;
;    |CSA:csa_abc|                 ; 4 (0)               ; 0 (0)                     ; 0                 ; 0          ; 0    ; 0            ; |IntegratorNeuron|CSA:csa_abc                                ; CSA              ; work         ;
;       |FA:CSA_FULL_ADDERS[1].fa| ; 2 (2)               ; 0 (0)                     ; 0                 ; 0          ; 0    ; 0            ; |IntegratorNeuron|CSA:csa_abc|FA:CSA_FULL_ADDERS[1].fa       ; FA               ; work         ;
;       |FA:CSA_FULL_ADDERS[2].fa| ; 1 (1)               ; 0 (0)                     ; 0                 ; 0          ; 0    ; 0            ; |IntegratorNeuron|CSA:csa_abc|FA:CSA_FULL_ADDERS[2].fa       ; FA               ; work         ;
;       |FA:CSA_FULL_ADDERS[3].fa| ; 1 (1)               ; 0 (0)                     ; 0                 ; 0          ; 0    ; 0            ; |IntegratorNeuron|CSA:csa_abc|FA:CSA_FULL_ADDERS[3].fa       ; FA               ; work         ;
;    |CSA:csa_sum1_c1_d|           ; 3 (0)               ; 0 (0)                     ; 0                 ; 0          ; 0    ; 0            ; |IntegratorNeuron|CSA:csa_sum1_c1_d                          ; CSA              ; work         ;
;       |FA:CSA_FULL_ADDERS[1].fa| ; 1 (1)               ; 0 (0)                     ; 0                 ; 0          ; 0    ; 0            ; |IntegratorNeuron|CSA:csa_sum1_c1_d|FA:CSA_FULL_ADDERS[1].fa ; FA               ; work         ;
;       |FA:CSA_FULL_ADDERS[2].fa| ; 1 (1)               ; 0 (0)                     ; 0                 ; 0          ; 0    ; 0            ; |IntegratorNeuron|CSA:csa_sum1_c1_d|FA:CSA_FULL_ADDERS[2].fa ; FA               ; work         ;
;       |FA:CSA_FULL_ADDERS[3].fa| ; 1 (1)               ; 0 (0)                     ; 0                 ; 0          ; 0    ; 0            ; |IntegratorNeuron|CSA:csa_sum1_c1_d|FA:CSA_FULL_ADDERS[3].fa ; FA               ; work         ;
;    |DREG:x0_reg|                 ; 4 (4)               ; 4 (4)                     ; 0                 ; 0          ; 0    ; 0            ; |IntegratorNeuron|DREG:x0_reg                                ; DREG             ; work         ;
;    |DREG:x1_reg|                 ; 4 (4)               ; 4 (4)                     ; 0                 ; 0          ; 0    ; 0            ; |IntegratorNeuron|DREG:x1_reg                                ; DREG             ; work         ;
;    |DREG:x2_reg|                 ; 4 (4)               ; 4 (4)                     ; 0                 ; 0          ; 0    ; 0            ; |IntegratorNeuron|DREG:x2_reg                                ; DREG             ; work         ;
;    |DREG:x3_reg|                 ; 4 (4)               ; 4 (4)                     ; 0                 ; 0          ; 0    ; 0            ; |IntegratorNeuron|DREG:x3_reg                                ; DREG             ; work         ;
+----------------------------------+---------------------+---------------------------+-------------------+------------+------+--------------+--------------------------------------------------------------+------------------+--------------+
Note: For table entries with two numbers listed, the numbers in parentheses indicate the number of resources of the given type used by the specific entity alone. The numbers listed outside of parentheses indicate the total resources of the given type used by the specific entity and all of its sub-entities in the hierarchy.


+------------------------------------------------------+
; General Register Statistics                          ;
+----------------------------------------------+-------+
; Statistic                                    ; Value ;
+----------------------------------------------+-------+
; Total registers                              ; 17    ;
; Number of registers using Synchronous Clear  ; 0     ;
; Number of registers using Synchronous Load   ; 0     ;
; Number of registers using Asynchronous Clear ; 0     ;
; Number of registers using Asynchronous Load  ; 0     ;
; Number of registers using Clock Enable       ; 0     ;
; Number of registers using Preset             ; 0     ;
+----------------------------------------------+-------+


+----------------------------------------------------------+
; Parameter Settings for User Entity Instance: DREG:x0_reg ;
+----------------+-------+---------------------------------+
; Parameter Name ; Value ; Type                            ;
+----------------+-------+---------------------------------+
; WIDTH          ; 4     ; Signed Integer                  ;
+----------------+-------+---------------------------------+
Note: In order to hide this table in the UI and the text report file, please set the "Show Parameter Settings in Synthesis Report" option in "Analysis and Synthesis Settings -> More Settings" to "Off".


+----------------------------------------------------------+
; Parameter Settings for User Entity Instance: DREG:x1_reg ;
+----------------+-------+---------------------------------+
; Parameter Name ; Value ; Type                            ;
+----------------+-------+---------------------------------+
; WIDTH          ; 4     ; Signed Integer                  ;
+----------------+-------+---------------------------------+
Note: In order to hide this table in the UI and the text report file, please set the "Show Parameter Settings in Synthesis Report" option in "Analysis and Synthesis Settings -> More Settings" to "Off".


+----------------------------------------------------------+
; Parameter Settings for User Entity Instance: DREG:x2_reg ;
+----------------+-------+---------------------------------+
; Parameter Name ; Value ; Type                            ;
+----------------+-------+---------------------------------+
; WIDTH          ; 4     ; Signed Integer                  ;
+----------------+-------+---------------------------------+
Note: In order to hide this table in the UI and the text report file, please set the "Show Parameter Settings in Synthesis Report" option in "Analysis and Synthesis Settings -> More Settings" to "Off".


+----------------------------------------------------------+
; Parameter Settings for User Entity Instance: DREG:x3_reg ;
+----------------+-------+---------------------------------+
; Parameter Name ; Value ; Type                            ;
+----------------+-------+---------------------------------+
; WIDTH          ; 4     ; Signed Integer                  ;
+----------------+-------+---------------------------------+
Note: In order to hide this table in the UI and the text report file, please set the "Show Parameter Settings in Synthesis Report" option in "Analysis and Synthesis Settings -> More Settings" to "Off".


+--------------------------------------------------------------+
; Port Connectivity Checks: "CPA:cpa|FA:CPA_FULL_ADDERS[3].fa" ;
+------+--------+----------+-----------------------------------+
; Port ; Type   ; Severity ; Details                           ;
+------+--------+----------+-----------------------------------+
; Cout ; Output ; Info     ; Explicitly unconnected            ;
+------+--------+----------+-----------------------------------+


+--------------------------------------------------------------+
; Port Connectivity Checks: "CPA:cpa|FA:CPA_FULL_ADDERS[2].fa" ;
+------+--------+----------+-----------------------------------+
; Port ; Type   ; Severity ; Details                           ;
+------+--------+----------+-----------------------------------+
; Cout ; Output ; Info     ; Explicitly unconnected            ;
+------+--------+----------+-----------------------------------+


+--------------------------------------------------------------+
; Port Connectivity Checks: "CPA:cpa|FA:CPA_FULL_ADDERS[1].fa" ;
+------+--------+----------+-----------------------------------+
; Port ; Type   ; Severity ; Details                           ;
+------+--------+----------+-----------------------------------+
; Cout ; Output ; Info     ; Explicitly unconnected            ;
+------+--------+----------+-----------------------------------+


+--------------------------------------------------------------+
; Port Connectivity Checks: "CPA:cpa|FA:CPA_FULL_ADDERS[0].fa" ;
+------+--------+----------+-----------------------------------+
; Port ; Type   ; Severity ; Details                           ;
+------+--------+----------+-----------------------------------+
; C    ; Input  ; Info     ; Stuck at GND                      ;
; Cout ; Output ; Info     ; Explicitly unconnected            ;
+------+--------+----------+-----------------------------------+


+------------------------------------------------------------------------------------------------------------------------+
; Port Connectivity Checks: "CPA:cpa"                                                                                    ;
+--------------+--------+----------+-------------------------------------------------------------------------------------+
; Port         ; Type   ; Severity ; Details                                                                             ;
+--------------+--------+----------+-------------------------------------------------------------------------------------+
; result[2..0] ; Output ; Info     ; Connected to dangling logic. Logic that only feeds a dangling port will be removed. ;
+--------------+--------+----------+-------------------------------------------------------------------------------------+


+----------------------------------------------------------------------------------------------------------------+
; Port Connectivity Checks: "CSA:csa_sum1_c1_d"                                                                  ;
+------+--------+----------+-------------------------------------------------------------------------------------+
; Port ; Type   ; Severity ; Details                                                                             ;
+------+--------+----------+-------------------------------------------------------------------------------------+
; C[0] ; Input  ; Info     ; Stuck at GND                                                                        ;
; S[0] ; Output ; Info     ; Connected to dangling logic. Logic that only feeds a dangling port will be removed. ;
+------+--------+----------+-------------------------------------------------------------------------------------+


+-----------------------------------------------------+
; Post-Synthesis Netlist Statistics for Top Partition ;
+-----------------------+-----------------------------+
; Type                  ; Count                       ;
+-----------------------+-----------------------------+
; arriav_ff             ; 17                          ;
;     plain             ; 17                          ;
; arriav_lcell_comb     ; 29                          ;
;     normal            ; 29                          ;
;         2 data inputs ; 16                          ;
;         3 data inputs ; 5                           ;
;         4 data inputs ; 1                           ;
;         5 data inputs ; 3                           ;
;         6 data inputs ; 4                           ;
; boundary_port         ; 22                          ;
;                       ;                             ;
; Max LUT depth         ; 3.00                        ;
; Average LUT depth     ; 1.75                        ;
+-----------------------+-----------------------------+


+-------------------------------+
; Elapsed Time Per Partition    ;
+----------------+--------------+
; Partition Name ; Elapsed Time ;
+----------------+--------------+
; Top            ; 00:00:00     ;
+----------------+--------------+


+-------------------------------+
; Analysis & Synthesis Messages ;
+-------------------------------+
Info: *******************************************************************
Info: Running Quartus Prime Analysis & Synthesis
    Info: Version 22.1std.1 Build 917 02/14/2023 SC Lite Edition
    Info: Processing started: Sat Mar 25 20:00:36 2023
Info: Command: quartus_map --read_settings_files=on --write_settings_files=off IntegratorNeuron -c IntegratorNeuron
Warning (18236): Number of processors has not been specified which may cause overloading on shared machines.  Set the global assignment NUM_PARALLEL_PROCESSORS in your QSF to an appropriate value for best performance.
Info (20030): Parallel compilation is enabled and will use 4 of the 4 processors detected
Info (12021): Found 5 design units, including 5 entities, in source file IntegratorNeuron.sv
    Info (12023): Found entity 1: FA File: /home/colin/Projects/EEE425/Quartus/IntegratorNeuron.sv Line: 1
    Info (12023): Found entity 2: CSA File: /home/colin/Projects/EEE425/Quartus/IntegratorNeuron.sv Line: 15
    Info (12023): Found entity 3: CPA File: /home/colin/Projects/EEE425/Quartus/IntegratorNeuron.sv Line: 30
    Info (12023): Found entity 4: DREG File: /home/colin/Projects/EEE425/Quartus/IntegratorNeuron.sv Line: 60
    Info (12023): Found entity 5: IntegratorNeuron File: /home/colin/Projects/EEE425/Quartus/IntegratorNeuron.sv Line: 74
Warning (10236): Verilog HDL Implicit Net warning at IntegratorNeuron.sv(6): created implicit net for "D" File: /home/colin/Projects/EEE425/Quartus/IntegratorNeuron.sv Line: 6
Warning (10236): Verilog HDL Implicit Net warning at IntegratorNeuron.sv(8): created implicit net for "E" File: /home/colin/Projects/EEE425/Quartus/IntegratorNeuron.sv Line: 8
Warning (10236): Verilog HDL Implicit Net warning at IntegratorNeuron.sv(9): created implicit net for "F" File: /home/colin/Projects/EEE425/Quartus/IntegratorNeuron.sv Line: 9
Warning (10236): Verilog HDL Implicit Net warning at IntegratorNeuron.sv(9): created implicit net for "G" File: /home/colin/Projects/EEE425/Quartus/IntegratorNeuron.sv Line: 9
Info (12127): Elaborating entity "IntegratorNeuron" for the top level hierarchy
Info (12128): Elaborating entity "DREG" for hierarchy "DREG:x0_reg" File: /home/colin/Projects/EEE425/Quartus/IntegratorNeuron.sv Line: 88
Info (12128): Elaborating entity "CSA" for hierarchy "CSA:csa_abc" File: /home/colin/Projects/EEE425/Quartus/IntegratorNeuron.sv Line: 93
Info (12128): Elaborating entity "FA" for hierarchy "CSA:csa_abc|FA:CSA_FULL_ADDERS[0].fa" File: /home/colin/Projects/EEE425/Quartus/IntegratorNeuron.sv Line: 24
Info (12128): Elaborating entity "CPA" for hierarchy "CPA:cpa" File: /home/colin/Projects/EEE425/Quartus/IntegratorNeuron.sv Line: 95
Info (286030): Timing-Driven Synthesis is running
Info (144001): Generated suppressed messages file /home/colin/Projects/EEE425/Quartus/output_files/IntegratorNeuron.map.smsg
Info (16010): Generating hard_block partition "hard_block:auto_generated_inst"
    Info (16011): Adding 0 node(s), including 0 DDIO, 0 PLL, 0 transceiver and 0 LCELL
Info (21057): Implemented 51 device resources after synthesis - the final resource count might be different
    Info (21058): Implemented 21 input pins
    Info (21059): Implemented 1 output pins
    Info (21061): Implemented 29 logic cells
Info: Quartus Prime Analysis & Synthesis was successful. 0 errors, 5 warnings
    Info: Peak virtual memory: 475 megabytes
    Info: Processing ended: Sat Mar 25 20:00:43 2023
    Info: Elapsed time: 00:00:07
    Info: Total CPU time (on all processors): 00:00:14


+------------------------------------------+
; Analysis & Synthesis Suppressed Messages ;
+------------------------------------------+
The suppressed messages can be found in /home/colin/Projects/EEE425/Quartus/output_files/IntegratorNeuron.map.smsg.


